<?xml version="1.0" encoding="UTF-8"?>
<!-- Generated by org.testng.reporters.JUnitReportReporter -->
<testsuite skipped="0" hostname="DESKTOP-070DR37" name="common.BaseClass" tests="1" failures="0" timestamp="21 Jul 2020 09:08:55 GMT" time="0.007" errors="0">
  <testcase name="test" time="0.007" classname="common.BaseClass"/>
</testsuite> <!-- common.BaseClass -->
