<?xml version="1.0" encoding="UTF-8"?>
<!-- Generated by org.testng.reporters.JUnitReportReporter -->
<testsuite skipped="0" hostname="DESKTOP-070DR37" name="mainTestcases.LoginTestcase" tests="1" failures="0" timestamp="26 Jul 2020 12:29:21 GMT" time="27.300" errors="0">
  <testcase name="loginpage" time="27.300" classname="mainTestcases.LoginTestcase"/>
</testsuite> <!-- mainTestcases.LoginTestcase -->
