<?xml version="1.0" encoding="UTF-8"?>
<!-- Generated by org.testng.reporters.JUnitReportReporter -->
<testsuite skipped="0" hostname="DESKTOP-070DR37" name="mainTestcases.MenuTestcases" tests="1" failures="0" timestamp="28 Jul 2020 15:21:49 GMT" time="27.379" errors="0">
  <testcase name="Menu_Options_Navigations" time="27.379" classname="mainTestcases.MenuTestcases"/>
</testsuite> <!-- mainTestcases.MenuTestcases -->
